1677130478.986608 client started (12376): version 3.0a, socket /tmp/tmux-1000/default, protocol 8
1677130478.986697 on Linux 5.15.0-60-generic #66~20.04.1-Ubuntu SMP Wed Jan 25 09:41:30 UTC 2023; libevent 2.1.11-stable (poll)
1677130478.986834 socket is /tmp/tmux-1000/default
1677130478.986878 trying connect
1677130478.987178 add peer 0x55e3fb1b1b40: 6 ((nil))
1677130478.987428 sending message 100 to peer 0x55e3fb1b1b40 (4 bytes)
1677130478.987455 sending message 101 to peer 0x55e3fb1b1b40 (7 bytes)
1677130478.987482 sending message 102 to peer 0x55e3fb1b1b40 (11 bytes)
1677130478.987507 sending message 108 to peer 0x55e3fb1b1b40 (24 bytes)
1677130478.987595 sending message 104 to peer 0x55e3fb1b1b40 (0 bytes)
1677130478.987631 sending message 107 to peer 0x55e3fb1b1b40 (4 bytes)
1677130478.987673 sending message 105 to peer 0x55e3fb1b1b40 (16 bytes)
1677130478.987783 sending message 105 to peer 0x55e3fb1b1b40 (104 bytes)
1677130478.987812 sending message 105 to peer 0x55e3fb1b1b40 (19 bytes)
1677130478.987880 sending message 105 to peer 0x55e3fb1b1b40 (20 bytes)
1677130478.987901 sending message 105 to peer 0x55e3fb1b1b40 (45 bytes)
1677130478.987920 sending message 105 to peer 0x55e3fb1b1b40 (23 bytes)
1677130478.987939 sending message 105 to peer 0x55e3fb1b1b40 (44 bytes)
1677130478.987959 sending message 105 to peer 0x55e3fb1b1b40 (20 bytes)
1677130478.987978 sending message 105 to peer 0x55e3fb1b1b40 (36 bytes)
1677130478.988013 sending message 105 to peer 0x55e3fb1b1b40 (18 bytes)
1677130478.988048 sending message 105 to peer 0x55e3fb1b1b40 (32 bytes)
1677130478.988067 sending message 105 to peer 0x55e3fb1b1b40 (41 bytes)
1677130478.988087 sending message 105 to peer 0x55e3fb1b1b40 (21 bytes)
1677130478.988109 sending message 105 to peer 0x55e3fb1b1b40 (23 bytes)
1677130478.988128 sending message 105 to peer 0x55e3fb1b1b40 (19 bytes)
1677130478.988147 sending message 105 to peer 0x55e3fb1b1b40 (28 bytes)
1677130478.988166 sending message 105 to peer 0x55e3fb1b1b40 (28 bytes)
1677130478.988185 sending message 105 to peer 0x55e3fb1b1b40 (27 bytes)
1677130478.988204 sending message 105 to peer 0x55e3fb1b1b40 (15 bytes)
1677130478.988223 sending message 105 to peer 0x55e3fb1b1b40 (21 bytes)
1677130478.988243 sending message 105 to peer 0x55e3fb1b1b40 (52 bytes)
1677130478.988262 sending message 105 to peer 0x55e3fb1b1b40 (41 bytes)
1677130478.988282 sending message 105 to peer 0x55e3fb1b1b40 (33 bytes)
1677130478.988302 sending message 105 to peer 0x55e3fb1b1b40 (13 bytes)
1677130478.988322 sending message 105 to peer 0x55e3fb1b1b40 (18 bytes)
1677130478.988341 sending message 105 to peer 0x55e3fb1b1b40 (16 bytes)
1677130478.988374 sending message 105 to peer 0x55e3fb1b1b40 (18 bytes)
1677130478.988393 sending message 105 to peer 0x55e3fb1b1b40 (17 bytes)
1677130478.988412 sending message 105 to peer 0x55e3fb1b1b40 (1506 bytes)
1677130478.988472 sending message 105 to peer 0x55e3fb1b1b40 (33 bytes)
1677130478.988492 sending message 105 to peer 0x55e3fb1b1b40 (17 bytes)
1677130478.988526 sending message 105 to peer 0x55e3fb1b1b40 (86 bytes)
1677130478.988546 sending message 105 to peer 0x55e3fb1b1b40 (47 bytes)
1677130478.988565 sending message 105 to peer 0x55e3fb1b1b40 (16 bytes)
1677130478.988588 sending message 105 to peer 0x55e3fb1b1b40 (24 bytes)
1677130478.988607 sending message 105 to peer 0x55e3fb1b1b40 (34 bytes)
1677130478.988626 sending message 105 to peer 0x55e3fb1b1b40 (23 bytes)
1677130478.988645 sending message 105 to peer 0x55e3fb1b1b40 (12 bytes)
1677130478.988665 sending message 105 to peer 0x55e3fb1b1b40 (32 bytes)
1677130478.988684 sending message 105 to peer 0x55e3fb1b1b40 (12 bytes)
1677130478.988704 sending message 105 to peer 0x55e3fb1b1b40 (13 bytes)
1677130478.988723 sending message 105 to peer 0x55e3fb1b1b40 (30 bytes)
1677130478.988743 sending message 105 to peer 0x55e3fb1b1b40 (11 bytes)
1677130478.988762 sending message 105 to peer 0x55e3fb1b1b40 (8 bytes)
1677130478.988782 sending message 105 to peer 0x55e3fb1b1b40 (19 bytes)
1677130478.988801 sending message 105 to peer 0x55e3fb1b1b40 (31 bytes)
1677130478.988828 sending message 105 to peer 0x55e3fb1b1b40 (23 bytes)
1677130478.988849 sending message 105 to peer 0x55e3fb1b1b40 (85 bytes)
1677130478.988868 sending message 105 to peer 0x55e3fb1b1b40 (104 bytes)
1677130478.988901 sending message 105 to peer 0x55e3fb1b1b40 (18 bytes)
1677130478.988920 sending message 105 to peer 0x55e3fb1b1b40 (54 bytes)
1677130478.988941 sending message 105 to peer 0x55e3fb1b1b40 (20 bytes)
1677130478.988962 sending message 105 to peer 0x55e3fb1b1b40 (16 bytes)
1677130478.988982 sending message 106 to peer 0x55e3fb1b1b40 (0 bytes)
1677130478.989003 sending message 200 to peer 0x55e3fb1b1b40 (4 bytes)
1677130478.989022 client loop enter
1677130478.989906 peer 0x55e3fb1b1b40 message 211
1677130478.989955 client_write: sessions should be nested with care, unset $TMUX to force\n
1677130478.990018 peer 0x55e3fb1b1b40 message 203
1677130478.990042 client loop exit
